# JRE version: OpenJDK Runtime Environment (11.0.11+9) (build 11.0.11+9-b60-7590822)
# Java VM: OpenJDK 64-Bit Server VM (11.0.11+9-b60-7590822, mixed mode, tiered, compressed oops, g1 gc, windows-amd64)
Heap:
 garbage-first heap   total 655360K, used 174390K [0x0000000080000000, 0x0000000100000000)
  region size 1024K, 3 young (3072K), 3 survivors (3072K)
 Metaspace       used 102694K, capacity 105380K, committed 105424K, reserved 1140736K
  class space    used 13337K, capacity 14326K, committed 14336K, reserved 1048576K
GC Heap History (20 events):
Event: 84.631 GC heap after
{Heap after GC invocations=90 (full 0):
 garbage-first heap   total 387072K, used 260388K [0x0000000080000000, 0x0000000100000000)
  region size 1024K, 6 young (6144K), 6 survivors (6144K)
 Metaspace       used 94595K, capacity 97009K, committed 97232K, reserved 1132544K
  class space    used 12354K, capacity 13279K, committed 13312K, reserved 1048576K
}
Event: 85.224 GC heap before
{Heap before GC invocations=91 (full 0):
 garbage-first heap   total 387072K, used 275748K [0x0000000080000000, 0x0000000100000000)
  region size 1024K, 23 young (23552K), 6 survivors (6144K)
 Metaspace       used 94718K, capacity 97220K, committed 97360K, reserved 1132544K
  class space    used 12374K, capacity 13322K, committed 13440K, reserved 1048576K
}
Event: 85.249 GC heap after
{Heap after GC invocations=92 (full 0):
 garbage-first heap   total 455680K, used 263908K [0x0000000080000000, 0x0000000100000000)
  region size 1024K, 4 young (4096K), 4 survivors (4096K)
 Metaspace       used 94718K, capacity 97220K, committed 97360K, reserved 1132544K
  class space    used 12374K, capacity 13322K, committed 13440K, reserved 1048576K
}
Event: 86.101 GC heap before
{Heap before GC invocations=92 (full 0):
 garbage-first heap   total 455680K, used 345828K [0x0000000080000000, 0x0000000100000000)
  region size 1024K, 73 young (74752K), 4 survivors (4096K)
 Metaspace       used 94727K, capacity 97222K, committed 97360K, reserved 1132544K
  class space    used 12374K, capacity 13322K, committed 13440K, reserved 1048576K
}
Event: 86.232 GC heap after
{Heap after GC invocations=93 (full 0):
 garbage-first heap   total 455680K, used 283956K [0x0000000080000000, 0x0000000100000000)
  region size 1024K, 10 young (10240K), 10 survivors (10240K)
 Metaspace       used 94727K, capacity 97222K, committed 97360K, reserved 1132544K
  class space    used 12374K, capacity 13322K, committed 13440K, reserved 1048576K
}
Event: 87.397 GC heap before
{Heap before GC invocations=94 (full 0):
 garbage-first heap   total 455680K, used 356660K [0x0000000080000000, 0x0000000100000000)
  region size 1024K, 74 young (75776K), 10 survivors (10240K)
 Metaspace       used 94748K, capacity 97222K, committed 97360K, reserved 1132544K
  class space    used 12374K, capacity 13322K, committed 13440K, reserved 1048576K
}
Event: 87.420 GC heap after
{Heap after GC invocations=95 (full 0):
 garbage-first heap   total 455680K, used 295409K [0x0000000080000000, 0x0000000100000000)
  region size 1024K, 3 young (3072K), 3 survivors (3072K)
 Metaspace       used 94748K, capacity 97222K, committed 97360K, reserved 1132544K
  class space    used 12374K, capacity 13322K, committed 13440K, reserved 1048576K
}
Event: 88.442 GC heap before
{Heap before GC invocations=95 (full 0):
 garbage-first heap   total 455680K, used 314865K [0x0000000080000000, 0x0000000100000000)
  region size 1024K, 22 young (22528K), 3 survivors (3072K)
 Metaspace       used 94902K, capacity 97382K, committed 97616K, reserved 1134592K
  class space    used 12389K, capacity 13354K, committed 13440K, reserved 1048576K
}
Event: 88.504 GC heap after
{Heap after GC invocations=96 (full 0):
 garbage-first heap   total 455680K, used 296781K [0x0000000080000000, 0x0000000100000000)
  region size 1024K, 3 young (3072K), 3 survivors (3072K)
 Metaspace       used 94902K, capacity 97382K, committed 97616K, reserved 1134592K
  class space    used 12389K, capacity 13354K, committed 13440K, reserved 1048576K
}
Event: 102.165 GC heap before
{Heap before GC invocations=96 (full 0):
 garbage-first heap   total 455680K, used 360269K [0x0000000080000000, 0x0000000100000000)
  region size 1024K, 66 young (67584K), 3 survivors (3072K)
 Metaspace       used 95908K, capacity 98380K, committed 98640K, reserved 1134592K
  class space    used 12479K, capacity 13419K, committed 13440K, reserved 1048576K
}
Event: 102.262 GC heap after
{Heap after GC invocations=97 (full 0):
 garbage-first heap   total 455680K, used 295882K [0x0000000080000000, 0x0000000100000000)
  region size 1024K, 2 young (2048K), 2 survivors (2048K)
 Metaspace       used 95908K, capacity 98380K, committed 98640K, reserved 1134592K
  class space    used 12479K, capacity 13419K, committed 13440K, reserved 1048576K
}
Event: 110.812 GC heap before
{Heap before GC invocations=98 (full 0):
 garbage-first heap   total 455680K, used 291786K [0x0000000080000000, 0x0000000100000000)
  region size 1024K, 71 young (72704K), 2 survivors (2048K)
 Metaspace       used 96072K, capacity 98572K, committed 98640K, reserved 1134592K
  class space    used 12482K, capacity 13419K, committed 13440K, reserved 1048576K
}
Event: 110.843 GC heap after
{Heap after GC invocations=99 (full 0):
 garbage-first heap   total 455680K, used 221077K [0x0000000080000000, 0x0000000100000000)
  region size 1024K, 2 young (2048K), 2 survivors (2048K)
 Metaspace       used 96072K, capacity 98572K, committed 98640K, reserved 1134592K
  class space    used 12482K, capacity 13419K, committed 13440K, reserved 1048576K
}
Event: 112.855 GC heap before
{Heap before GC invocations=99 (full 0):
 garbage-first heap   total 455680K, used 241557K [0x0000000080000000, 0x0000000100000000)
  region size 1024K, 22 young (22528K), 2 survivors (2048K)
 Metaspace       used 96074K, capacity 98572K, committed 98640K, reserved 1134592K
  class space    used 12482K, capacity 13419K, committed 13440K, reserved 1048576K
}
Event: 112.895 GC heap after
{Heap after GC invocations=100 (full 0):
 garbage-first heap   total 455680K, used 197535K [0x0000000080000000, 0x0000000100000000)
  region size 1024K, 2 young (2048K), 2 survivors (2048K)
 Metaspace       used 96074K, capacity 98572K, committed 98640K, reserved 1134592K
  class space    used 12482K, capacity 13419K, committed 13440K, reserved 1048576K
}
Event: 113.773 GC heap before
{Heap before GC invocations=100 (full 0):
 garbage-first heap   total 455680K, used 218015K [0x0000000080000000, 0x0000000100000000)
  region size 1024K, 22 young (22528K), 2 survivors (2048K)
 Metaspace       used 96076K, capacity 98572K, committed 98640K, reserved 1134592K
  class space    used 12482K, capacity 13419K, committed 13440K, reserved 1048576K
}
Event: 113.829 GC heap after
{Heap after GC invocations=101 (full 0):
 garbage-first heap   total 455680K, used 186734K [0x0000000080000000, 0x0000000100000000)
  region size 1024K, 2 young (2048K), 2 survivors (2048K)
 Metaspace       used 96076K, capacity 98572K, committed 98640K, reserved 1134592K
  class space    used 12482K, capacity 13419K, committed 13440K, reserved 1048576K
}
Event: 129.788 GC heap before
{Heap before GC invocations=101 (full 0):
 garbage-first heap   total 455680K, used 207214K [0x0000000080000000, 0x0000000100000000)
  region size 1024K, 22 young (22528K), 2 survivors (2048K)
 Metaspace       used 97977K, capacity 100624K, committed 100816K, reserved 1136640K
  class space    used 12757K, capacity 13764K, committed 13824K, reserved 1048576K
}
Event: 130.272 GC heap after
{Heap after GC invocations=102 (full 0):
 garbage-first heap   total 455680K, used 178836K [0x0000000080000000, 0x0000000100000000)
  region size 1024K, 2 young (2048K), 2 survivors (2048K)
 Metaspace       used 97977K, capacity 100624K, committed 100816K, reserved 1136640K
  class space    used 12757K, capacity 13764K, committed 13824K, reserved 1048576K
}
Event: 132.174 GC heap before
{Heap before GC invocations=102 (full 0):
 garbage-first heap   total 455680K, used 198292K [0x0000000080000000, 0x0000000100000000)
  region size 1024K, 22 young (22528K), 2 survivors (2048K)
 Metaspace       used 102694K, capacity 105380K, committed 105424K, reserved 1140736K
  class space    used 13337K, capacity 14326K, committed 14336K, reserved 1048576K
}

