# JRE version: OpenJDK Runtime Environment (11.0.11+9) (build 11.0.11+9-b60-7590822)
# Java VM: OpenJDK 64-Bit Server VM (11.0.11+9-b60-7590822, mixed mode, tiered, compressed oops, g1 gc, windows-amd64)
Heap:
 garbage-first heap   total 772096K, used 153428K [0x0000000080000000, 0x0000000100000000)
  region size 1024K, 15 young (15360K), 15 survivors (15360K)
 Metaspace       used 98744K, capacity 101375K, committed 101500K, reserved 1136640K
  class space    used 12760K, capacity 13772K, committed 13824K, reserved 1048576K
GC Heap History (20 events):
Event: 57.738 GC heap after
{Heap after GC invocations=81 (full 0):
 garbage-first heap   total 356352K, used 125602K [0x0000000080000000, 0x0000000100000000)
  region size 1024K, 8 young (8192K), 8 survivors (8192K)
 Metaspace       used 97696K, capacity 100151K, committed 100348K, reserved 1136640K
  class space    used 12652K, capacity 13623K, committed 13696K, reserved 1048576K
}
Event: 59.191 GC heap before
{Heap before GC invocations=81 (full 0):
 garbage-first heap   total 356352K, used 311970K [0x0000000080000000, 0x0000000100000000)
  region size 1024K, 190 young (194560K), 8 survivors (8192K)
 Metaspace       used 97730K, capacity 100231K, committed 100348K, reserved 1136640K
  class space    used 12655K, capacity 13629K, committed 13696K, reserved 1048576K
}
Event: 59.218 GC heap after
{Heap after GC invocations=82 (full 0):
 garbage-first heap   total 356352K, used 126669K [0x0000000080000000, 0x0000000100000000)
  region size 1024K, 9 young (9216K), 9 survivors (9216K)
 Metaspace       used 97730K, capacity 100231K, committed 100348K, reserved 1136640K
  class space    used 12655K, capacity 13629K, committed 13696K, reserved 1048576K
}
Event: 60.458 GC heap before
{Heap before GC invocations=82 (full 0):
 garbage-first heap   total 356352K, used 310989K [0x0000000080000000, 0x0000000100000000)
  region size 1024K, 189 young (193536K), 9 survivors (9216K)
 Metaspace       used 97743K, capacity 100232K, committed 100348K, reserved 1136640K
  class space    used 12655K, capacity 13629K, committed 13696K, reserved 1048576K
}
Event: 60.492 GC heap after
{Heap after GC invocations=83 (full 0):
 garbage-first heap   total 425984K, used 127341K [0x0000000080000000, 0x0000000100000000)
  region size 1024K, 8 young (8192K), 8 survivors (8192K)
 Metaspace       used 97743K, capacity 100232K, committed 100348K, reserved 1136640K
  class space    used 12655K, capacity 13629K, committed 13696K, reserved 1048576K
}
Event: 63.715 GC heap before
{Heap before GC invocations=83 (full 0):
 garbage-first heap   total 425984K, used 343405K [0x0000000080000000, 0x0000000100000000)
  region size 1024K, 217 young (222208K), 8 survivors (8192K)
 Metaspace       used 97896K, capacity 100464K, committed 100604K, reserved 1136640K
  class space    used 12655K, capacity 13629K, committed 13696K, reserved 1048576K
}
Event: 64.300 GC heap after
{Heap after GC invocations=84 (full 0):
 garbage-first heap   total 425984K, used 128615K [0x0000000080000000, 0x0000000100000000)
  region size 1024K, 7 young (7168K), 7 survivors (7168K)
 Metaspace       used 97896K, capacity 100464K, committed 100604K, reserved 1136640K
  class space    used 12655K, capacity 13629K, committed 13696K, reserved 1048576K
}
Event: 64.427 GC heap before
{Heap before GC invocations=84 (full 0):
 garbage-first heap   total 425984K, used 141927K [0x0000000080000000, 0x0000000100000000)
  region size 1024K, 20 young (20480K), 7 survivors (7168K)
 Metaspace       used 97896K, capacity 100464K, committed 100604K, reserved 1136640K
  class space    used 12655K, capacity 13629K, committed 13696K, reserved 1048576K
}
Event: 64.476 GC heap after
{Heap after GC invocations=85 (full 0):
 garbage-first heap   total 425984K, used 128227K [0x0000000080000000, 0x0000000100000000)
  region size 1024K, 2 young (2048K), 2 survivors (2048K)
 Metaspace       used 97896K, capacity 100464K, committed 100604K, reserved 1136640K
  class space    used 12655K, capacity 13629K, committed 13696K, reserved 1048576K
}
Event: 65.283 GC heap before
{Heap before GC invocations=85 (full 0):
 garbage-first heap   total 425984K, used 182499K [0x0000000080000000, 0x0000000100000000)
  region size 1024K, 55 young (56320K), 2 survivors (2048K)
 Metaspace       used 97900K, capacity 100465K, committed 100604K, reserved 1136640K
  class space    used 12655K, capacity 13629K, committed 13696K, reserved 1048576K
}
Event: 65.289 GC heap after
{Heap after GC invocations=86 (full 0):
 garbage-first heap   total 425984K, used 125802K [0x0000000080000000, 0x0000000100000000)
  region size 1024K, 2 young (2048K), 2 survivors (2048K)
 Metaspace       used 97900K, capacity 100465K, committed 100604K, reserved 1136640K
  class space    used 12655K, capacity 13629K, committed 13696K, reserved 1048576K
}
Event: 66.360 GC heap before
{Heap before GC invocations=86 (full 0):
 garbage-first heap   total 425984K, used 211818K [0x0000000080000000, 0x0000000100000000)
  region size 1024K, 86 young (88064K), 2 survivors (2048K)
 Metaspace       used 97909K, capacity 100476K, committed 100604K, reserved 1136640K
  class space    used 12658K, capacity 13633K, committed 13696K, reserved 1048576K
}
Event: 66.511 GC heap after
{Heap after GC invocations=87 (full 0):
 garbage-first heap   total 425984K, used 126173K [0x0000000080000000, 0x0000000100000000)
  region size 1024K, 2 young (2048K), 2 survivors (2048K)
 Metaspace       used 97909K, capacity 100476K, committed 100604K, reserved 1136640K
  class space    used 12658K, capacity 13633K, committed 13696K, reserved 1048576K
}
Event: 73.701 GC heap before
{Heap before GC invocations=87 (full 0):
 garbage-first heap   total 425984K, used 265437K [0x0000000080000000, 0x0000000100000000)
  region size 1024K, 137 young (140288K), 2 survivors (2048K)
 Metaspace       used 98236K, capacity 100814K, committed 100860K, reserved 1136640K
  class space    used 12700K, capacity 13680K, committed 13696K, reserved 1048576K
}
Event: 73.739 GC heap after
{Heap after GC invocations=88 (full 0):
 garbage-first heap   total 425984K, used 126933K [0x0000000080000000, 0x0000000100000000)
  region size 1024K, 3 young (3072K), 3 survivors (3072K)
 Metaspace       used 98236K, capacity 100814K, committed 100860K, reserved 1136640K
  class space    used 12700K, capacity 13680K, committed 13696K, reserved 1048576K
}
Event: 79.169 GC heap before
{Heap before GC invocations=88 (full 0):
 garbage-first heap   total 425984K, used 241621K [0x0000000080000000, 0x0000000100000000)
  region size 1024K, 115 young (117760K), 3 survivors (3072K)
 Metaspace       used 98587K, capacity 101261K, committed 101500K, reserved 1136640K
  class space    used 12756K, capacity 13765K, committed 13824K, reserved 1048576K
}
Event: 79.234 GC heap after
{Heap after GC invocations=89 (full 0):
 garbage-first heap   total 425984K, used 128925K [0x0000000080000000, 0x0000000100000000)
  region size 1024K, 5 young (5120K), 5 survivors (5120K)
 Metaspace       used 98587K, capacity 101261K, committed 101500K, reserved 1136640K
  class space    used 12756K, capacity 13765K, committed 13824K, reserved 1048576K
}
Event: 95.552 GC heap before
{Heap before GC invocations=89 (full 0):
 garbage-first heap   total 425984K, used 267165K [0x0000000080000000, 0x0000000100000000)
  region size 1024K, 139 young (142336K), 5 survivors (5120K)
 Metaspace       used 98722K, capacity 101361K, committed 101500K, reserved 1136640K
  class space    used 12759K, capacity 13770K, committed 13824K, reserved 1048576K
}
Event: 95.709 GC heap after
{Heap after GC invocations=90 (full 0):
 garbage-first heap   total 425984K, used 135669K [0x0000000080000000, 0x0000000100000000)
  region size 1024K, 10 young (10240K), 10 survivors (10240K)
 Metaspace       used 98722K, capacity 101361K, committed 101500K, reserved 1136640K
  class space    used 12759K, capacity 13770K, committed 13824K, reserved 1048576K
}
Event: 104.734 GC heap before
{Heap before GC invocations=90 (full 0):
 garbage-first heap   total 425984K, used 247285K [0x0000000080000000, 0x0000000100000000)
  region size 1024K, 119 young (121856K), 10 survivors (10240K)
 Metaspace       used 98744K, capacity 101375K, committed 101500K, reserved 1136640K
  class space    used 12760K, capacity 13772K, committed 13824K, reserved 1048576K
}

