# JRE version: OpenJDK Runtime Environment (11.0.11+9) (build 11.0.11+9-b60-7590822)
# Java VM: OpenJDK 64-Bit Server VM (11.0.11+9-b60-7590822, mixed mode, tiered, compressed oops, g1 gc, windows-amd64)
Heap:
 garbage-first heap   total 506880K, used 203264K [0x0000000080000000, 0x0000000100000000)
  region size 1024K, 3 young (3072K), 3 survivors (3072K)
 Metaspace       used 92680K, capacity 94956K, committed 95100K, reserved 1132544K
  class space    used 11995K, capacity 12785K, committed 12800K, reserved 1048576K
GC Heap History (20 events):
Event: 49.142 GC heap after
{Heap after GC invocations=56 (full 0):
 garbage-first heap   total 159744K, used 95317K [0x0000000080000000, 0x0000000100000000)
  region size 1024K, 6 young (6144K), 6 survivors (6144K)
 Metaspace       used 87627K, capacity 89834K, committed 89852K, reserved 1128448K
  class space    used 11129K, capacity 11886K, committed 11904K, reserved 1048576K
}
Event: 49.824 GC heap before
{Heap before GC invocations=57 (full 0):
 garbage-first heap   total 159744K, used 107605K [0x0000000080000000, 0x0000000100000000)
  region size 1024K, 17 young (17408K), 6 survivors (6144K)
 Metaspace       used 89840K, capacity 92060K, committed 92284K, reserved 1130496K
  class space    used 11447K, capacity 12223K, committed 12288K, reserved 1048576K
}
Event: 49.838 GC heap after
{Heap after GC invocations=58 (full 0):
 garbage-first heap   total 192512K, used 101287K [0x0000000080000000, 0x0000000100000000)
  region size 1024K, 4 young (4096K), 4 survivors (4096K)
 Metaspace       used 89840K, capacity 92060K, committed 92284K, reserved 1130496K
  class space    used 11447K, capacity 12223K, committed 12288K, reserved 1048576K
}
Event: 50.650 GC heap before
{Heap before GC invocations=59 (full 0):
 garbage-first heap   total 192512K, used 171943K [0x0000000080000000, 0x0000000100000000)
  region size 1024K, 50 young (51200K), 4 survivors (4096K)
 Metaspace       used 90349K, capacity 92602K, committed 92924K, reserved 1130496K
  class space    used 11523K, capacity 12299K, committed 12416K, reserved 1048576K
}
Event: 50.702 GC heap after
{Heap after GC invocations=60 (full 0):
 garbage-first heap   total 197632K, used 133501K [0x0000000080000000, 0x0000000100000000)
  region size 1024K, 7 young (7168K), 7 survivors (7168K)
 Metaspace       used 90349K, capacity 92602K, committed 92924K, reserved 1130496K
  class space    used 11523K, capacity 12299K, committed 12416K, reserved 1048576K
}
Event: 50.751 GC heap before
{Heap before GC invocations=60 (full 0):
 garbage-first heap   total 197632K, used 136573K [0x0000000080000000, 0x0000000100000000)
  region size 1024K, 11 young (11264K), 7 survivors (7168K)
 Metaspace       used 90350K, capacity 92602K, committed 92924K, reserved 1130496K
  class space    used 11523K, capacity 12299K, committed 12416K, reserved 1048576K
}
Event: 50.780 GC heap after
{Heap after GC invocations=61 (full 0):
 garbage-first heap   total 197632K, used 136349K [0x0000000080000000, 0x0000000100000000)
  region size 1024K, 2 young (2048K), 2 survivors (2048K)
 Metaspace       used 90350K, capacity 92602K, committed 92924K, reserved 1130496K
  class space    used 11523K, capacity 12299K, committed 12416K, reserved 1048576K
}
Event: 51.027 GC heap before
{Heap before GC invocations=61 (full 0):
 garbage-first heap   total 197632K, used 155805K [0x0000000080000000, 0x0000000100000000)
  region size 1024K, 20 young (20480K), 2 survivors (2048K)
 Metaspace       used 90350K, capacity 92602K, committed 92924K, reserved 1130496K
  class space    used 11523K, capacity 12299K, committed 12416K, reserved 1048576K
}
Event: 51.057 GC heap after
{Heap after GC invocations=62 (full 0):
 garbage-first heap   total 197632K, used 146068K [0x0000000080000000, 0x0000000100000000)
  region size 1024K, 3 young (3072K), 3 survivors (3072K)
 Metaspace       used 90350K, capacity 92602K, committed 92924K, reserved 1130496K
  class space    used 11523K, capacity 12299K, committed 12416K, reserved 1048576K
}
Event: 51.526 GC heap before
{Heap before GC invocations=63 (full 0):
 garbage-first heap   total 197632K, used 159380K [0x0000000080000000, 0x0000000100000000)
  region size 1024K, 17 young (17408K), 3 survivors (3072K)
 Metaspace       used 91735K, capacity 94016K, committed 94332K, reserved 1130496K
  class space    used 11906K, capacity 12709K, committed 12800K, reserved 1048576K
}
Event: 51.559 GC heap after
{Heap after GC invocations=64 (full 0):
 garbage-first heap   total 197632K, used 151288K [0x0000000080000000, 0x0000000100000000)
  region size 1024K, 3 young (3072K), 3 survivors (3072K)
 Metaspace       used 91735K, capacity 94016K, committed 94332K, reserved 1130496K
  class space    used 11906K, capacity 12709K, committed 12800K, reserved 1048576K
}
Event: 51.879 GC heap before
{Heap before GC invocations=64 (full 0):
 garbage-first heap   total 197632K, used 163576K [0x0000000080000000, 0x0000000100000000)
  region size 1024K, 15 young (15360K), 3 survivors (3072K)
 Metaspace       used 92608K, capacity 94913K, committed 95100K, reserved 1132544K
  class space    used 12001K, capacity 12796K, committed 12800K, reserved 1048576K
}
Event: 51.905 GC heap after
{Heap after GC invocations=65 (full 0):
 garbage-first heap   total 258048K, used 157553K [0x0000000080000000, 0x0000000100000000)
  region size 1024K, 2 young (2048K), 2 survivors (2048K)
 Metaspace       used 92608K, capacity 94913K, committed 95100K, reserved 1132544K
  class space    used 12001K, capacity 12796K, committed 12800K, reserved 1048576K
}
Event: 52.806 GC heap before
{Heap before GC invocations=66 (full 0):
 garbage-first heap   total 258048K, used 186225K [0x0000000080000000, 0x0000000100000000)
  region size 1024K, 30 young (30720K), 2 survivors (2048K)
 Metaspace       used 92684K, capacity 94983K, committed 95100K, reserved 1132544K
  class space    used 12001K, capacity 12796K, committed 12800K, reserved 1048576K
}
Event: 52.911 GC heap after
{Heap after GC invocations=67 (full 0):
 garbage-first heap   total 258048K, used 171909K [0x0000000080000000, 0x0000000100000000)
  region size 1024K, 4 young (4096K), 4 survivors (4096K)
 Metaspace       used 92684K, capacity 94983K, committed 95100K, reserved 1132544K
  class space    used 12001K, capacity 12796K, committed 12800K, reserved 1048576K
}
Event: 53.710 GC heap before
{Heap before GC invocations=67 (full 0):
 garbage-first heap   total 258048K, used 196485K [0x0000000080000000, 0x0000000100000000)
  region size 1024K, 28 young (28672K), 4 survivors (4096K)
 Metaspace       used 92693K, capacity 94984K, committed 95100K, reserved 1132544K
  class space    used 12001K, capacity 12796K, committed 12800K, reserved 1048576K
}
Event: 53.759 GC heap after
{Heap after GC invocations=68 (full 0):
 garbage-first heap   total 258048K, used 184320K [0x0000000080000000, 0x0000000100000000)
  region size 1024K, 4 young (4096K), 4 survivors (4096K)
 Metaspace       used 92693K, capacity 94984K, committed 95100K, reserved 1132544K
  class space    used 12001K, capacity 12796K, committed 12800K, reserved 1048576K
}
Event: 55.017 GC heap before
{Heap before GC invocations=68 (full 0):
 garbage-first heap   total 258048K, used 204800K [0x0000000080000000, 0x0000000100000000)
  region size 1024K, 24 young (24576K), 4 survivors (4096K)
 Metaspace       used 92679K, capacity 94956K, committed 95100K, reserved 1132544K
  class space    used 11995K, capacity 12785K, committed 12800K, reserved 1048576K
}
Event: 55.067 GC heap after
{Heap after GC invocations=69 (full 0):
 garbage-first heap   total 258048K, used 195072K [0x0000000080000000, 0x0000000100000000)
  region size 1024K, 3 young (3072K), 3 survivors (3072K)
 Metaspace       used 92679K, capacity 94956K, committed 95100K, reserved 1132544K
  class space    used 11995K, capacity 12785K, committed 12800K, reserved 1048576K
}
Event: 55.277 GC heap before
{Heap before GC invocations=70 (full 0):
 garbage-first heap   total 258048K, used 210432K [0x0000000080000000, 0x0000000100000000)
  region size 1024K, 18 young (18432K), 3 survivors (3072K)
 Metaspace       used 92680K, capacity 94956K, committed 95100K, reserved 1132544K
  class space    used 11995K, capacity 12785K, committed 12800K, reserved 1048576K
}

