# JRE version: OpenJDK Runtime Environment (11.0.11+9) (build 11.0.11+9-b60-7590822)
# Java VM: OpenJDK 64-Bit Server VM (11.0.11+9-b60-7590822, mixed mode, tiered, compressed oops, g1 gc, windows-amd64)
Heap:
 garbage-first heap   total 632832K, used 237568K [0x0000000080000000, 0x0000000100000000)
  region size 1024K, 5 young (5120K), 5 survivors (5120K)
 Metaspace       used 103232K, capacity 106074K, committed 106364K, reserved 1140736K
  class space    used 13184K, capacity 14245K, committed 14336K, reserved 1048576K
GC Heap History (20 events):
Event: 103.144 GC heap after
{Heap after GC invocations=91 (full 0):
 garbage-first heap   total 220160K, used 106184K [0x0000000080000000, 0x0000000100000000)
  region size 1024K, 1 young (1024K), 1 survivors (1024K)
 Metaspace       used 97003K, capacity 99499K, committed 99580K, reserved 1136640K
  class space    used 12545K, capacity 13430K, committed 13440K, reserved 1048576K
}
Event: 104.213 GC heap before
{Heap before GC invocations=91 (full 0):
 garbage-first heap   total 220160K, used 188104K [0x0000000080000000, 0x0000000100000000)
  region size 1024K, 81 young (82944K), 1 survivors (1024K)
 Metaspace       used 97022K, capacity 99507K, committed 99580K, reserved 1136640K
  class space    used 12549K, capacity 13433K, committed 13440K, reserved 1048576K
}
Event: 104.220 GC heap after
{Heap after GC invocations=92 (full 0):
 garbage-first heap   total 220160K, used 106578K [0x0000000080000000, 0x0000000100000000)
  region size 1024K, 2 young (2048K), 2 survivors (2048K)
 Metaspace       used 97022K, capacity 99507K, committed 99580K, reserved 1136640K
  class space    used 12549K, capacity 13433K, committed 13440K, reserved 1048576K
}
Event: 105.902 GC heap before
{Heap before GC invocations=93 (full 0):
 garbage-first heap   total 220160K, used 190546K [0x0000000080000000, 0x0000000100000000)
  region size 1024K, 82 young (83968K), 2 survivors (2048K)
 Metaspace       used 98522K, capacity 101100K, committed 101372K, reserved 1136640K
  class space    used 12716K, capacity 13672K, committed 13696K, reserved 1048576K
}
Event: 105.928 GC heap after
{Heap after GC invocations=94 (full 0):
 garbage-first heap   total 220160K, used 113513K [0x0000000080000000, 0x0000000100000000)
  region size 1024K, 7 young (7168K), 7 survivors (7168K)
 Metaspace       used 98522K, capacity 101100K, committed 101372K, reserved 1136640K
  class space    used 12716K, capacity 13672K, committed 13696K, reserved 1048576K
}
Event: 106.025 GC heap before
{Heap before GC invocations=94 (full 0):
 garbage-first heap   total 220160K, used 116585K [0x0000000080000000, 0x0000000100000000)
  region size 1024K, 10 young (10240K), 7 survivors (7168K)
 Metaspace       used 98593K, capacity 101142K, committed 101372K, reserved 1136640K
  class space    used 12724K, capacity 13684K, committed 13696K, reserved 1048576K
}
Event: 106.052 GC heap after
{Heap after GC invocations=95 (full 0):
 garbage-first heap   total 220160K, used 112320K [0x0000000080000000, 0x0000000100000000)
  region size 1024K, 1 young (1024K), 1 survivors (1024K)
 Metaspace       used 98593K, capacity 101142K, committed 101372K, reserved 1136640K
  class space    used 12724K, capacity 13684K, committed 13696K, reserved 1048576K
}
Event: 107.701 GC heap before
{Heap before GC invocations=95 (full 0):
 garbage-first heap   total 220160K, used 217792K [0x0000000080000000, 0x0000000100000000)
  region size 1024K, 65 young (66560K), 1 survivors (1024K)
 Metaspace       used 100156K, capacity 102814K, committed 102908K, reserved 1138688K
  class space    used 12909K, capacity 13912K, committed 13952K, reserved 1048576K
}
Event: 107.764 GC heap after
{Heap after GC invocations=96 (full 0):
 garbage-first heap   total 239616K, used 156633K [0x0000000080000000, 0x0000000100000000)
  region size 1024K, 10 young (10240K), 10 survivors (10240K)
 Metaspace       used 100156K, capacity 102814K, committed 102908K, reserved 1138688K
  class space    used 12909K, capacity 13912K, committed 13952K, reserved 1048576K
}
Event: 108.559 GC heap before
{Heap before GC invocations=97 (full 0):
 garbage-first heap   total 239616K, used 194521K [0x0000000080000000, 0x0000000100000000)
  region size 1024K, 49 young (50176K), 10 survivors (10240K)
 Metaspace       used 100518K, capacity 103180K, committed 103420K, reserved 1138688K
  class space    used 12943K, capacity 13949K, committed 13952K, reserved 1048576K
}
Event: 108.628 GC heap after
{Heap after GC invocations=98 (full 0):
 garbage-first heap   total 239616K, used 167538K [0x0000000080000000, 0x0000000100000000)
  region size 1024K, 7 young (7168K), 7 survivors (7168K)
 Metaspace       used 100518K, capacity 103180K, committed 103420K, reserved 1138688K
  class space    used 12943K, capacity 13949K, committed 13952K, reserved 1048576K
}
Event: 108.684 GC heap before
{Heap before GC invocations=98 (full 0):
 garbage-first heap   total 239616K, used 171634K [0x0000000080000000, 0x0000000100000000)
  region size 1024K, 11 young (11264K), 7 survivors (7168K)
 Metaspace       used 100571K, capacity 103183K, committed 103420K, reserved 1138688K
  class space    used 12947K, capacity 13950K, committed 13952K, reserved 1048576K
}
Event: 108.743 GC heap after
{Heap after GC invocations=99 (full 0):
 garbage-first heap   total 331776K, used 148764K [0x0000000080000000, 0x0000000100000000)
  region size 1024K, 2 young (2048K), 2 survivors (2048K)
 Metaspace       used 100571K, capacity 103183K, committed 103420K, reserved 1138688K
  class space    used 12947K, capacity 13950K, committed 13952K, reserved 1048576K
}
Event: 111.035 GC heap before
{Heap before GC invocations=99 (full 0):
 garbage-first heap   total 331776K, used 229660K [0x0000000080000000, 0x0000000100000000)
  region size 1024K, 82 young (83968K), 2 survivors (2048K)
 Metaspace       used 102433K, capacity 105095K, committed 105212K, reserved 1140736K
  class space    used 13107K, capacity 14133K, committed 14208K, reserved 1048576K
}
Event: 111.120 GC heap after
{Heap after GC invocations=100 (full 0):
 garbage-first heap   total 331776K, used 183690K [0x0000000080000000, 0x0000000100000000)
  region size 1024K, 11 young (11264K), 11 survivors (11264K)
 Metaspace       used 102433K, capacity 105095K, committed 105212K, reserved 1140736K
  class space    used 13107K, capacity 14133K, committed 14208K, reserved 1048576K
}
Event: 111.721 GC heap before
{Heap before GC invocations=100 (full 0):
 garbage-first heap   total 331776K, used 242058K [0x0000000080000000, 0x0000000100000000)
  region size 1024K, 69 young (70656K), 11 survivors (11264K)
 Metaspace       used 102720K, capacity 105500K, committed 105724K, reserved 1140736K
  class space    used 13128K, capacity 14142K, committed 14208K, reserved 1048576K
}
Event: 111.879 GC heap after
{Heap after GC invocations=101 (full 0):
 garbage-first heap   total 331776K, used 212480K [0x0000000080000000, 0x0000000100000000)
  region size 1024K, 9 young (9216K), 9 survivors (9216K)
 Metaspace       used 102720K, capacity 105500K, committed 105724K, reserved 1140736K
  class space    used 13128K, capacity 14142K, committed 14208K, reserved 1048576K
}
Event: 113.389 GC heap before
{Heap before GC invocations=101 (full 0):
 garbage-first heap   total 331776K, used 254464K [0x0000000080000000, 0x0000000100000000)
  region size 1024K, 51 young (52224K), 9 survivors (9216K)
 Metaspace       used 102897K, capacity 105638K, committed 105724K, reserved 1140736K
  class space    used 13135K, capacity 14145K, committed 14208K, reserved 1048576K
}
Event: 113.450 GC heap after
{Heap after GC invocations=102 (full 0):
 garbage-first heap   total 331776K, used 230912K [0x0000000080000000, 0x0000000100000000)
  region size 1024K, 7 young (7168K), 7 survivors (7168K)
 Metaspace       used 102897K, capacity 105638K, committed 105724K, reserved 1140736K
  class space    used 13135K, capacity 14145K, committed 14208K, reserved 1048576K
}
Event: 115.355 GC heap before
{Heap before GC invocations=102 (full 0):
 garbage-first heap   total 331776K, used 263680K [0x0000000080000000, 0x0000000100000000)
  region size 1024K, 40 young (40960K), 7 survivors (7168K)
 Metaspace       used 103232K, capacity 106074K, committed 106364K, reserved 1140736K
  class space    used 13184K, capacity 14245K, committed 14336K, reserved 1048576K
}

