# JRE version: OpenJDK Runtime Environment (11.0.11+9) (build 11.0.11+9-b60-7590822)
# Java VM: OpenJDK 64-Bit Server VM (11.0.11+9-b60-7590822, mixed mode, tiered, compressed oops, g1 gc, windows-amd64)
Heap:
 garbage-first heap   total 910336K, used 173331K [0x0000000080000000, 0x0000000100000000)
  region size 1024K, 3 young (3072K), 3 survivors (3072K)
 Metaspace       used 133683K, capacity 137685K, committed 137776K, reserved 1169408K
  class space    used 16563K, capacity 17968K, committed 18048K, reserved 1048576K
GC Heap History (20 events):
Event: 3091.216 GC heap after
{Heap after GC invocations=182 (full 0):
 garbage-first heap   total 231424K, used 128276K [0x0000000080000000, 0x0000000100000000)
  region size 1024K, 3 young (3072K), 3 survivors (3072K)
 Metaspace       used 124082K, capacity 127683K, committed 127792K, reserved 1161216K
  class space    used 15228K, capacity 16466K, committed 16512K, reserved 1048576K
}
Event: 3096.824 GC heap before
{Heap before GC invocations=183 (full 0):
 garbage-first heap   total 231424K, used 186644K [0x0000000080000000, 0x0000000100000000)
  region size 1024K, 61 young (62464K), 3 survivors (3072K)
 Metaspace       used 125626K, capacity 129238K, committed 129328K, reserved 1161216K
  class space    used 15450K, capacity 16687K, committed 16768K, reserved 1048576K
}
Event: 3097.000 GC heap after
{Heap after GC invocations=184 (full 0):
 garbage-first heap   total 231424K, used 138206K [0x0000000080000000, 0x0000000100000000)
  region size 1024K, 8 young (8192K), 8 survivors (8192K)
 Metaspace       used 125626K, capacity 129238K, committed 129328K, reserved 1161216K
  class space    used 15450K, capacity 16687K, committed 16768K, reserved 1048576K
}
Event: 3099.255 GC heap before
{Heap before GC invocations=184 (full 0):
 garbage-first heap   total 231424K, used 178142K [0x0000000080000000, 0x0000000100000000)
  region size 1024K, 48 young (49152K), 8 survivors (8192K)
 Metaspace       used 126495K, capacity 130138K, committed 130480K, reserved 1163264K
  class space    used 15541K, capacity 16790K, committed 16896K, reserved 1048576K
}
Event: 3099.344 GC heap after
{Heap after GC invocations=185 (full 0):
 garbage-first heap   total 355328K, used 143575K [0x0000000080000000, 0x0000000100000000)
  region size 1024K, 6 young (6144K), 6 survivors (6144K)
 Metaspace       used 126495K, capacity 130138K, committed 130480K, reserved 1163264K
  class space    used 15541K, capacity 16790K, committed 16896K, reserved 1048576K
}
Event: 3102.488 GC heap before
{Heap before GC invocations=186 (full 0):
 garbage-first heap   total 355328K, used 175319K [0x0000000080000000, 0x0000000100000000)
  region size 1024K, 37 young (37888K), 6 survivors (6144K)
 Metaspace       used 127534K, capacity 131174K, committed 131376K, reserved 1163264K
  class space    used 15679K, capacity 16946K, committed 17024K, reserved 1048576K
}
Event: 3102.555 GC heap after
{Heap after GC invocations=187 (full 0):
 garbage-first heap   total 355328K, used 148028K [0x0000000080000000, 0x0000000100000000)
  region size 1024K, 5 young (5120K), 5 survivors (5120K)
 Metaspace       used 127534K, capacity 131174K, committed 131376K, reserved 1163264K
  class space    used 15679K, capacity 16946K, committed 17024K, reserved 1048576K
}
Event: 3106.025 GC heap before
{Heap before GC invocations=187 (full 0):
 garbage-first heap   total 355328K, used 187964K [0x0000000080000000, 0x0000000100000000)
  region size 1024K, 44 young (45056K), 5 survivors (5120K)
 Metaspace       used 127905K, capacity 131635K, committed 131888K, reserved 1165312K
  class space    used 15745K, capacity 17013K, committed 17024K, reserved 1048576K
}
Event: 3106.126 GC heap after
{Heap after GC invocations=188 (full 0):
 garbage-first heap   total 355328K, used 155643K [0x0000000080000000, 0x0000000100000000)
  region size 1024K, 6 young (6144K), 6 survivors (6144K)
 Metaspace       used 127905K, capacity 131635K, committed 131888K, reserved 1165312K
  class space    used 15745K, capacity 17013K, committed 17024K, reserved 1048576K
}
Event: 3112.504 GC heap before
{Heap before GC invocations=189 (full 0):
 garbage-first heap   total 355328K, used 208891K [0x0000000080000000, 0x0000000100000000)
  region size 1024K, 58 young (59392K), 6 survivors (6144K)
 Metaspace       used 128148K, capacity 131870K, committed 132016K, reserved 1165312K
  class space    used 15788K, capacity 17066K, committed 17152K, reserved 1048576K
}
Event: 3113.097 GC heap after
{Heap after GC invocations=190 (full 0):
 garbage-first heap   total 355328K, used 164864K [0x0000000080000000, 0x0000000100000000)
  region size 1024K, 8 young (8192K), 8 survivors (8192K)
 Metaspace       used 128148K, capacity 131870K, committed 132016K, reserved 1165312K
  class space    used 15788K, capacity 17066K, committed 17152K, reserved 1048576K
}
Event: 3113.456 GC heap before
{Heap before GC invocations=190 (full 0):
 garbage-first heap   total 355328K, used 174080K [0x0000000080000000, 0x0000000100000000)
  region size 1024K, 17 young (17408K), 8 survivors (8192K)
 Metaspace       used 128162K, capacity 131870K, committed 132016K, reserved 1165312K
  class space    used 15792K, capacity 17066K, committed 17152K, reserved 1048576K
}
Event: 3114.281 GC heap after
{Heap after GC invocations=191 (full 0):
 garbage-first heap   total 355328K, used 167855K [0x0000000080000000, 0x0000000100000000)
  region size 1024K, 2 young (2048K), 2 survivors (2048K)
 Metaspace       used 128162K, capacity 131870K, committed 132016K, reserved 1165312K
  class space    used 15792K, capacity 17066K, committed 17152K, reserved 1048576K
}
Event: 3114.777 GC heap before
{Heap before GC invocations=191 (full 0):
 garbage-first heap   total 355328K, used 183215K [0x0000000080000000, 0x0000000100000000)
  region size 1024K, 17 young (17408K), 2 survivors (2048K)
 Metaspace       used 128173K, capacity 131934K, committed 132272K, reserved 1165312K
  class space    used 15794K, capacity 17066K, committed 17152K, reserved 1048576K
}
Event: 3116.165 GC heap after
{Heap after GC invocations=192 (full 0):
 garbage-first heap   total 355328K, used 170369K [0x0000000080000000, 0x0000000100000000)
  region size 1024K, 3 young (3072K), 3 survivors (3072K)
 Metaspace       used 128173K, capacity 131934K, committed 132272K, reserved 1165312K
  class space    used 15794K, capacity 17066K, committed 17152K, reserved 1048576K
}
Event: 3122.081 GC heap before
{Heap before GC invocations=193 (full 0):
 garbage-first heap   total 355328K, used 194945K [0x0000000080000000, 0x0000000100000000)
  region size 1024K, 28 young (28672K), 3 survivors (3072K)
 Metaspace       used 131210K, capacity 135076K, committed 135216K, reserved 1167360K
  class space    used 16300K, capacity 17668K, committed 17792K, reserved 1048576K
}
Event: 3122.109 GC heap after
{Heap after GC invocations=194 (full 0):
 garbage-first heap   total 355328K, used 172817K [0x0000000080000000, 0x0000000100000000)
  region size 1024K, 4 young (4096K), 4 survivors (4096K)
 Metaspace       used 131210K, capacity 135076K, committed 135216K, reserved 1167360K
  class space    used 16300K, capacity 17668K, committed 17792K, reserved 1048576K
}
Event: 3123.440 GC heap before
{Heap before GC invocations=194 (full 0):
 garbage-first heap   total 355328K, used 199441K [0x0000000080000000, 0x0000000100000000)
  region size 1024K, 30 young (30720K), 4 survivors (4096K)
 Metaspace       used 132722K, capacity 136693K, committed 136880K, reserved 1169408K
  class space    used 16433K, capacity 17838K, committed 17920K, reserved 1048576K
}
Event: 3123.583 GC heap after
{Heap after GC invocations=195 (full 0):
 garbage-first heap   total 355328K, used 172879K [0x0000000080000000, 0x0000000100000000)
  region size 1024K, 2 young (2048K), 2 survivors (2048K)
 Metaspace       used 132722K, capacity 136693K, committed 136880K, reserved 1169408K
  class space    used 16433K, capacity 17838K, committed 17920K, reserved 1048576K
}
Event: 3125.786 GC heap before
{Heap before GC invocations=196 (full 0):
 garbage-first heap   total 355328K, used 222031K [0x0000000080000000, 0x0000000100000000)
  region size 1024K, 50 young (51200K), 2 survivors (2048K)
 Metaspace       used 133683K, capacity 137685K, committed 137776K, reserved 1169408K
  class space    used 16563K, capacity 17968K, committed 18048K, reserved 1048576K
}

