# JRE version: OpenJDK Runtime Environment (11.0.11+9) (build 11.0.11+9-b60-7590822)
# Java VM: OpenJDK 64-Bit Server VM (11.0.11+9-b60-7590822, mixed mode, tiered, compressed oops, g1 gc, windows-amd64)
Heap:
 garbage-first heap   total 677888K, used 138433K [0x0000000080000000, 0x0000000100000000)
  region size 1024K, 2 young (2048K), 2 survivors (2048K)
 Metaspace       used 106415K, capacity 109359K, committed 109680K, reserved 1144832K
  class space    used 13682K, capacity 14756K, committed 14872K, reserved 1048576K
GC Heap History (20 events):
Event: 116.020 GC heap after
{Heap after GC invocations=74 (full 0):
 garbage-first heap   total 282624K, used 140213K [0x0000000080000000, 0x0000000100000000)
  region size 1024K, 6 young (6144K), 6 survivors (6144K)
 Metaspace       used 106188K, capacity 109052K, committed 109424K, reserved 1144832K
  class space    used 13678K, capacity 14750K, committed 14872K, reserved 1048576K
}
Event: 116.571 GC heap before
{Heap before GC invocations=74 (full 0):
 garbage-first heap   total 282624K, used 218037K [0x0000000080000000, 0x0000000100000000)
  region size 1024K, 82 young (83968K), 6 survivors (6144K)
 Metaspace       used 106210K, capacity 109052K, committed 109424K, reserved 1144832K
  class space    used 13678K, capacity 14750K, committed 14872K, reserved 1048576K
}
Event: 116.585 GC heap after
{Heap after GC invocations=75 (full 0):
 garbage-first heap   total 282624K, used 140821K [0x0000000080000000, 0x0000000100000000)
  region size 1024K, 6 young (6144K), 6 survivors (6144K)
 Metaspace       used 106210K, capacity 109052K, committed 109424K, reserved 1144832K
  class space    used 13678K, capacity 14750K, committed 14872K, reserved 1048576K
}
Event: 117.600 GC heap before
{Heap before GC invocations=75 (full 0):
 garbage-first heap   total 282624K, used 234005K [0x0000000080000000, 0x0000000100000000)
  region size 1024K, 97 young (99328K), 6 survivors (6144K)
 Metaspace       used 106225K, capacity 109122K, committed 109424K, reserved 1144832K
  class space    used 13679K, capacity 14751K, committed 14872K, reserved 1048576K
}
Event: 117.613 GC heap after
{Heap after GC invocations=76 (full 0):
 garbage-first heap   total 282624K, used 141006K [0x0000000080000000, 0x0000000100000000)
  region size 1024K, 6 young (6144K), 6 survivors (6144K)
 Metaspace       used 106225K, capacity 109122K, committed 109424K, reserved 1144832K
  class space    used 13679K, capacity 14751K, committed 14872K, reserved 1048576K
}
Event: 118.866 GC heap before
{Heap before GC invocations=76 (full 0):
 garbage-first heap   total 282624K, used 237262K [0x0000000080000000, 0x0000000100000000)
  region size 1024K, 100 young (102400K), 6 survivors (6144K)
 Metaspace       used 106240K, capacity 109122K, committed 109424K, reserved 1144832K
  class space    used 13679K, capacity 14751K, committed 14872K, reserved 1048576K
}
Event: 118.881 GC heap after
{Heap after GC invocations=77 (full 0):
 garbage-first heap   total 282624K, used 141006K [0x0000000080000000, 0x0000000100000000)
  region size 1024K, 6 young (6144K), 6 survivors (6144K)
 Metaspace       used 106240K, capacity 109122K, committed 109424K, reserved 1144832K
  class space    used 13679K, capacity 14751K, committed 14872K, reserved 1048576K
}
Event: 119.531 GC heap before
{Heap before GC invocations=77 (full 0):
 garbage-first heap   total 282624K, used 240334K [0x0000000080000000, 0x0000000100000000)
  region size 1024K, 103 young (105472K), 6 survivors (6144K)
 Metaspace       used 106248K, capacity 109122K, committed 109424K, reserved 1144832K
  class space    used 13679K, capacity 14751K, committed 14872K, reserved 1048576K
}
Event: 119.551 GC heap after
{Heap after GC invocations=78 (full 0):
 garbage-first heap   total 343040K, used 141006K [0x0000000080000000, 0x0000000100000000)
  region size 1024K, 6 young (6144K), 6 survivors (6144K)
 Metaspace       used 106248K, capacity 109122K, committed 109424K, reserved 1144832K
  class space    used 13679K, capacity 14751K, committed 14872K, reserved 1048576K
}
Event: 120.406 GC heap before
{Heap before GC invocations=78 (full 0):
 garbage-first heap   total 343040K, used 257742K [0x0000000080000000, 0x0000000100000000)
  region size 1024K, 120 young (122880K), 6 survivors (6144K)
 Metaspace       used 106262K, capacity 109131K, committed 109424K, reserved 1144832K
  class space    used 13681K, capacity 14754K, committed 14872K, reserved 1048576K
}
Event: 120.423 GC heap after
{Heap after GC invocations=79 (full 0):
 garbage-first heap   total 343040K, used 141290K [0x0000000080000000, 0x0000000100000000)
  region size 1024K, 7 young (7168K), 7 survivors (7168K)
 Metaspace       used 106262K, capacity 109131K, committed 109424K, reserved 1144832K
  class space    used 13681K, capacity 14754K, committed 14872K, reserved 1048576K
}
Event: 122.517 GC heap before
{Heap before GC invocations=79 (full 0):
 garbage-first heap   total 343040K, used 269290K [0x0000000080000000, 0x0000000100000000)
  region size 1024K, 132 young (135168K), 7 survivors (7168K)
 Metaspace       used 106269K, capacity 109131K, committed 109424K, reserved 1144832K
  class space    used 13681K, capacity 14754K, committed 14872K, reserved 1048576K
}
Event: 122.538 GC heap after
{Heap after GC invocations=80 (full 0):
 garbage-first heap   total 343040K, used 141302K [0x0000000080000000, 0x0000000100000000)
  region size 1024K, 7 young (7168K), 7 survivors (7168K)
 Metaspace       used 106269K, capacity 109131K, committed 109424K, reserved 1144832K
  class space    used 13681K, capacity 14754K, committed 14872K, reserved 1048576K
}
Event: 126.486 GC heap before
{Heap before GC invocations=80 (full 0):
 garbage-first heap   total 343040K, used 294902K [0x0000000080000000, 0x0000000100000000)
  region size 1024K, 157 young (160768K), 7 survivors (7168K)
 Metaspace       used 106279K, capacity 109134K, committed 109424K, reserved 1144832K
  class space    used 13682K, capacity 14755K, committed 14872K, reserved 1048576K
}
Event: 126.500 GC heap after
{Heap after GC invocations=81 (full 0):
 garbage-first heap   total 343040K, used 140870K [0x0000000080000000, 0x0000000100000000)
  region size 1024K, 6 young (6144K), 6 survivors (6144K)
 Metaspace       used 106279K, capacity 109134K, committed 109424K, reserved 1144832K
  class space    used 13682K, capacity 14755K, committed 14872K, reserved 1048576K
}
Event: 128.786 GC heap before
{Heap before GC invocations=81 (full 0):
 garbage-first heap   total 343040K, used 300614K [0x0000000080000000, 0x0000000100000000)
  region size 1024K, 161 young (164864K), 6 survivors (6144K)
 Metaspace       used 106378K, capacity 109228K, committed 109424K, reserved 1144832K
  class space    used 13682K, capacity 14755K, committed 14872K, reserved 1048576K
}
Event: 128.798 GC heap after
{Heap after GC invocations=82 (full 0):
 garbage-first heap   total 343040K, used 137934K [0x0000000080000000, 0x0000000100000000)
  region size 1024K, 3 young (3072K), 3 survivors (3072K)
 Metaspace       used 106378K, capacity 109228K, committed 109424K, reserved 1144832K
  class space    used 13682K, capacity 14755K, committed 14872K, reserved 1048576K
}
Event: 133.086 GC heap before
{Heap before GC invocations=82 (full 0):
 garbage-first heap   total 343040K, used 301774K [0x0000000080000000, 0x0000000100000000)
  region size 1024K, 163 young (166912K), 3 survivors (3072K)
 Metaspace       used 106408K, capacity 109359K, committed 109680K, reserved 1144832K
  class space    used 13682K, capacity 14756K, committed 14872K, reserved 1048576K
}
Event: 133.669 GC heap after
{Heap after GC invocations=83 (full 0):
 garbage-first heap   total 343040K, used 139129K [0x0000000080000000, 0x0000000100000000)
  region size 1024K, 5 young (5120K), 5 survivors (5120K)
 Metaspace       used 106408K, capacity 109359K, committed 109680K, reserved 1144832K
  class space    used 13682K, capacity 14756K, committed 14872K, reserved 1048576K
}
Event: 134.116 GC heap before
{Heap before GC invocations=83 (full 0):
 garbage-first heap   total 343040K, used 170873K [0x0000000080000000, 0x0000000100000000)
  region size 1024K, 37 young (37888K), 5 survivors (5120K)
 Metaspace       used 106415K, capacity 109359K, committed 109680K, reserved 1144832K
  class space    used 13682K, capacity 14756K, committed 14872K, reserved 1048576K
}

